<?xml version="1.0" encoding="UTF-8"?>
<testsuites name="CURA_Testsuite_TestListners" time="24.961" tests="1" failures="0" errors="0">
   <testsuite name="CURA_Testsuite_TestListners" tests="1" failures="0" errors="0" time="24.961" skipped="0" timestamp="04-03-2024T12:51:07" hostname="priyanka - LAPTOP-LPTFOJFH" id="Test Suites/CURA_TestSuites/CURA_Testsuite_TestListners">
      <properties>
         <property name="deviceName" value=""/>
         <property name="devicePlatform" value=""/>
         <property name="logFolder" value="C:\\Users\\priyanka\\Katalon Studio\\Katalon_Automation_Testing_CURA_HealthCare_Service_Project_Main\\Reports\\20240304_125045\\CURA_TestSuites\\CURA_Testsuite_TestListners\\20240304_125058"/>
         <property name="logFiles" value="C:\\Users\\priyanka\\Katalon Studio\\Katalon_Automation_Testing_CURA_HealthCare_Service_Project_Main\\Reports\\20240304_125045\\CURA_TestSuites\\CURA_Testsuite_TestListners\\20240304_125058\\execution0.log"/>
         <property name="attachments" value="C:\\Users\\priyanka\\Katalon Studio\\Katalon_Automation_Testing_CURA_HealthCare_Service_Project_Main\\Reports\\20240304_125045\\CURA_TestSuites\\CURA_Testsuite_TestListners\\20240304_125058\\1709536881327.png, C:\\Users\\priyanka\\Katalon Studio\\Katalon_Automation_Testing_CURA_HealthCare_Service_Project_Main\\Reports\\20240304_125045\\CURA_TestSuites\\CURA_Testsuite_TestListners\\20240304_125058\\1709536885788.png, C:\\Users\\priyanka\\Katalon Studio\\Katalon_Automation_Testing_CURA_HealthCare_Service_Project_Main\\Reports\\20240304_125045\\CURA_TestSuites\\CURA_Testsuite_TestListners\\20240304_125058\\1709536887461.png, C:\\Users\\priyanka\\Katalon Studio\\Katalon_Automation_Testing_CURA_HealthCare_Service_Project_Main\\Reports\\20240304_125045\\CURA_TestSuites\\CURA_Testsuite_TestListners\\20240304_125058\\1709536889279.png"/>
         <property name="hostName" value="priyanka - LAPTOP-LPTFOJFH"/>
         <property name="os" value="Windows 11 64bit"/>
         <property name="katalonVersion" value="9.3.1.212"/>
         <property name="browser" value="Chrome 122.0.0.0"/>
         <property name="hostAddress" value="192.168.43.178"/>
         <property name="sessionId" value="c6929b33522cc6a7dba1a8d73662c6a0"/>
         <property name="seleniumVersion" value="3.141.59"/>
         <property name="proxyInformation" value="ProxyInformation { proxyOption=NO_PROXY, proxyServerType=HTTP, username=, password=********, proxyServerAddress=, proxyServerPort=0, executionList=&quot;&quot;, isApplyToDesiredCapabilities=true }"/>
         <property name="platform" value="Windows 11"/>
      </properties>
      <testcase name="Test Cases/Test Listener/TC_TL_AppointmentConfirmation" time="14.275" classname="Test Cases/Test Listener/TC_TL_AppointmentConfirmation" status="PASSED">
         <system-out><![CDATA[04-03-2024T12:51:17 - [TEST_CASE][PASSED] - Test Cases/Test Listener/TC_TL_AppointmentConfirmation: Test Cases/Test Listener/TC_TL_AppointmentConfirmation

04-03-2024T12:51:17 - [TEST_STEP][PASSED] - Start listener action : sampleBeforeTestCase: Object: 'Object Repository/Page_CURA Healthcare Service/button_Login' is clicked on

04-03-2024T12:51:17 - [TEST_STEP][PASSED] - setText(findTestObject("Object Repository/Page_CURA Healthcare Service/input_Username_username"), "John Doe"): Text 'John Doe' is set on object 'Object Repository/Page_CURA Healthcare Service/input_Username_username'

04-03-2024T12:51:18 - [MESSAGE][PASSED] - Text 'John Doe' is set on object 'Object Repository/Page_CURA Healthcare Service/input_Username_username'

04-03-2024T12:51:18 - [TEST_STEP][PASSED] - setEncryptedText(findTestObject("Object Repository/Page_CURA Healthcare Service/input_Password_password"), "g3/DOGG74jC3Flrr3yH+3D/yKbOqqUNM"): Text ****** has been set on object 'Object Repository/Page_CURA Healthcare Service/input_Password_password'

04-03-2024T12:51:19 - [MESSAGE][PASSED] - Text ****** has been set on object 'Object Repository/Page_CURA Healthcare Service/input_Password_password'

04-03-2024T12:51:19 - [TEST_STEP][PASSED] - click(findTestObject("Object Repository/Page_CURA Healthcare Service/button_Login")): Object: 'Object Repository/Page_CURA Healthcare Service/button_Login' is clicked on

04-03-2024T12:51:20 - [MESSAGE][PASSED] - Object: 'Object Repository/Page_CURA Healthcare Service/button_Login' is clicked on

04-03-2024T12:51:20 - [TEST_STEP][PASSED] - takeScreenshot(): Taking screenshot successfully

04-03-2024T12:51:21 - [MESSAGE][PASSED] - Taking screenshot successfully
[[ATTACHMENT|C:\\Users\\priyanka\\Katalon Studio\\Katalon_Automation_Testing_CURA_HealthCare_Service_Project_Main\\Reports\\20240304_125045\\CURA_TestSuites\\CURA_Testsuite_TestListners\\20240304_125058\\1709536881327.png]]

04-03-2024T12:51:21 - [TEST_STEP][PASSED] - click(findTestObject("Page_CURA Healthcare Service/h2_Make Appointment")): Object: 'Object Repository/Page_CURA Healthcare Service/h2_Make Appointment' is clicked on

04-03-2024T12:51:21 - [MESSAGE][PASSED] - Object: 'Object Repository/Page_CURA Healthcare Service/h2_Make Appointment' is clicked on

04-03-2024T12:51:21 - [TEST_STEP][PASSED] - selectOptionByValue(findTestObject("Page_CURA Healthcare Service/select_Tokyo CURA Healthcare Center        _5b4107"), "Hongkong CURA Healthcare Center", true): All options with value 'Hongkong CURA Healthcare Center' are selected in object 'Object Repository/Page_CURA Healthcare Service/select_Tokyo CURA Healthcare Center        _5b4107'  using regular expression

04-03-2024T12:51:22 - [MESSAGE][PASSED] - All options with value 'Hongkong CURA Healthcare Center' are selected in object 'Object Repository/Page_CURA Healthcare Service/select_Tokyo CURA Healthcare Center        _5b4107'  using regular expression

04-03-2024T12:51:22 - [TEST_STEP][PASSED] - click(findTestObject("Page_CURA Healthcare Service/input_Apply for hospital readmission_hospit_63901f")): Object: 'Object Repository/Page_CURA Healthcare Service/input_Apply for hospital readmission_hospit_63901f' is clicked on

04-03-2024T12:51:23 - [MESSAGE][PASSED] - Object: 'Object Repository/Page_CURA Healthcare Service/input_Apply for hospital readmission_hospit_63901f' is clicked on

04-03-2024T12:51:23 - [TEST_STEP][PASSED] - click(findTestObject("Page_CURA Healthcare Service/input_programs")): Object: 'Object Repository/Page_CURA Healthcare Service/input_programs' is clicked on

04-03-2024T12:51:23 - [MESSAGE][PASSED] - Object: 'Object Repository/Page_CURA Healthcare Service/input_programs' is clicked on

04-03-2024T12:51:23 - [TEST_STEP][PASSED] - click(findTestObject("Page_CURA Healthcare Service/span_Visit Date (Required)_glyphicon glyphi_cada34")): Object: 'Object Repository/Page_CURA Healthcare Service/span_Visit Date (Required)_glyphicon glyphi_cada34' is clicked on

04-03-2024T12:51:24 - [MESSAGE][PASSED] - Object: 'Object Repository/Page_CURA Healthcare Service/span_Visit Date (Required)_glyphicon glyphi_cada34' is clicked on

04-03-2024T12:51:24 - [TEST_STEP][PASSED] - click(findTestObject("Page_CURA Healthcare Service/td_21")): Object: 'Object Repository/Page_CURA Healthcare Service/td_21' is clicked on

04-03-2024T12:51:24 - [MESSAGE][PASSED] - Object: 'Object Repository/Page_CURA Healthcare Service/td_21' is clicked on

04-03-2024T12:51:24 - [TEST_STEP][PASSED] - setText(findTestObject("Page_CURA Healthcare Service/textarea_Comment_comment"), "Testing"): Text 'Testing' is set on object 'Object Repository/Page_CURA Healthcare Service/textarea_Comment_comment'

04-03-2024T12:51:25 - [MESSAGE][PASSED] - Text 'Testing' is set on object 'Object Repository/Page_CURA Healthcare Service/textarea_Comment_comment'

04-03-2024T12:51:25 - [TEST_STEP][PASSED] - takeScreenshot(): Taking screenshot successfully

04-03-2024T12:51:25 - [MESSAGE][PASSED] - Taking screenshot successfully
[[ATTACHMENT|C:\\Users\\priyanka\\Katalon Studio\\Katalon_Automation_Testing_CURA_HealthCare_Service_Project_Main\\Reports\\20240304_125045\\CURA_TestSuites\\CURA_Testsuite_TestListners\\20240304_125058\\1709536885788.png]]

04-03-2024T12:51:25 - [TEST_STEP][PASSED] - click(findTestObject("Page_CURA Healthcare Service/button_Book Appointment")): Object: 'Object Repository/Page_CURA Healthcare Service/button_Book Appointment' is clicked on

04-03-2024T12:51:26 - [MESSAGE][PASSED] - Object: 'Object Repository/Page_CURA Healthcare Service/button_Book Appointment' is clicked on

04-03-2024T12:51:26 - [TEST_STEP][PASSED] - verifyElementText(findTestObject("Page_CURA Healthcare Service/h2Appointment Confirmation"), "Appointment Confirmation"): Actual text and expected text of test object 'Object Repository/Page_CURA Healthcare Service/h2Appointment Confirmation' are matched.

04-03-2024T12:51:27 - [MESSAGE][PASSED] - Actual text and expected text of test object 'Object Repository/Page_CURA Healthcare Service/h2Appointment Confirmation' are matched.

04-03-2024T12:51:27 - [TEST_STEP][PASSED] - takeScreenshot(): Taking screenshot successfully

04-03-2024T12:51:27 - [MESSAGE][PASSED] - Taking screenshot successfully
[[ATTACHMENT|C:\\Users\\priyanka\\Katalon Studio\\Katalon_Automation_Testing_CURA_HealthCare_Service_Project_Main\\Reports\\20240304_125045\\CURA_TestSuites\\CURA_Testsuite_TestListners\\20240304_125058\\1709536887461.png]]

04-03-2024T12:51:27 - [TEST_STEP][PASSED] - click(findTestObject("Page_CURA Healthcare Service/a_CURA Healthcare_menu-toggle")): Object: 'Object Repository/Page_CURA Healthcare Service/a_CURA Healthcare_menu-toggle' is clicked on

04-03-2024T12:51:27 - [MESSAGE][PASSED] - Object: 'Object Repository/Page_CURA Healthcare Service/a_CURA Healthcare_menu-toggle' is clicked on

04-03-2024T12:51:27 - [TEST_STEP][PASSED] - click(findTestObject("Page_CURA Healthcare Service/a_History")): Object: 'Object Repository/Page_CURA Healthcare Service/a_History' is clicked on

04-03-2024T12:51:28 - [MESSAGE][PASSED] - Object: 'Object Repository/Page_CURA Healthcare Service/a_History' is clicked on

04-03-2024T12:51:28 - [TEST_STEP][PASSED] - takeScreenshot(): Taking screenshot successfully

04-03-2024T12:51:29 - [MESSAGE][PASSED] - Taking screenshot successfully
[[ATTACHMENT|C:\\Users\\priyanka\\Katalon Studio\\Katalon_Automation_Testing_CURA_HealthCare_Service_Project_Main\\Reports\\20240304_125045\\CURA_TestSuites\\CURA_Testsuite_TestListners\\20240304_125058\\1709536889279.png]]

04-03-2024T12:51:29 - [TEST_STEP][PASSED] - verifyCheckpoint(findCheckpoint("Checkpoints/Checkpoint_TestData/Cura_AppointmentConfirmation_TestData_Checkpoint"), true): Checkpoint data and Source data are matched

04-03-2024T12:51:29 - [MESSAGE][PASSED] - Checkpoint data and Source data are matched

04-03-2024T12:51:29 - [TEST_STEP][PASSED] - Start listener action : sampleAfterTestCase: Object: 'Object Repository/Page_CURA Healthcare Service/a_Logout' is clicked on

04-03-2024T12:51:29 - [TEST_STEP][PASSED] - click(findTestObject("Object Repository/Page_CURA Healthcare Service/a_CURA Healthcare_menu-toggle")): Object: 'Object Repository/Page_CURA Healthcare Service/a_CURA Healthcare_menu-toggle' is clicked on

04-03-2024T12:51:29 - [MESSAGE][PASSED] - Object: 'Object Repository/Page_CURA Healthcare Service/a_CURA Healthcare_menu-toggle' is clicked on

04-03-2024T12:51:29 - [TEST_STEP][PASSED] - click(findTestObject("Object Repository/Page_CURA Healthcare Service/a_Logout")): Object: 'Object Repository/Page_CURA Healthcare Service/a_Logout' is clicked on

04-03-2024T12:51:32 - [MESSAGE][PASSED] - Object: 'Object Repository/Page_CURA Healthcare Service/a_Logout' is clicked on]]></system-out>
         <system-err><![CDATA[]]></system-err>
      </testcase>
      <system-out><![CDATA[04-03-2024T12:51:07 - [TEST_SUITE][PASSED] - CURA_Testsuite_TestListners: Test Cases/Test Listener/TC_TL_AppointmentConfirmation]]></system-out>
      <system-err><![CDATA[]]></system-err>
   </testsuite>
</testsuites>
